<?xml version="1.0" encoding="UTF-8"?>
<!-- Generated by org.testng.reporters.JUnitReportReporter -->
<testsuite skipped="0" hostname="Tarit" name="testsCases.TCLoadUrl" tests="3" failures="0" timestamp="04 Sep 2020 08:13:30 GMT" time="19.626" errors="0">
  <testcase name="urlLunch" time="17.779" classname="testsCases.TCLoadUrl"/>
  <testcase name="afterPopUpClose" time="0.784" classname="testsCases.TCLoadUrl"/>
  <testcase name="searchItem" time="1.063" classname="testsCases.TCLoadUrl"/>
</testsuite> <!-- testsCases.TCLoadUrl -->
