<?xml version="1.0" encoding="UTF-8"?>
<!-- Generated by org.testng.reporters.JUnitReportReporter -->
<testsuite skipped="0" hostname="Tarit" name="testsCases.TcApplyFilter" tests="4" failures="0" timestamp="04 Sep 2020 08:13:30 GMT" time="41.195" errors="0">
  <testcase name="selectMinRangeFilter" time="1.995" classname="testsCases.TcApplyFilter"/>
  <testcase name="selectMaxRangeFilter" time="0.884" classname="testsCases.TcApplyFilter"/>
  <testcase name="selectRam" time="0.938" classname="testsCases.TcApplyFilter"/>
  <testcase name="selectProcessor" time="37.378" classname="testsCases.TcApplyFilter"/>
</testsuite> <!-- testsCases.TcApplyFilter -->
