<?xml version="1.0" encoding="UTF-8"?>
<!-- Generated by org.testng.reporters.JUnitReportReporter -->
<testsuite skipped="0" hostname="Tarit" name="testsCases.TcStorePhonePrice" tests="1" failures="0" timestamp="04 Sep 2020 08:13:30 GMT" time="0.726" errors="0">
  <testcase name="storePhoneName" time="0.726" classname="testsCases.TcStorePhonePrice"/>
</testsuite> <!-- testsCases.TcStorePhonePrice -->
