<?xml version="1.0" encoding="UTF-8"?>
<!-- Generated by org.testng.reporters.JUnitReportReporter -->
<testsuite skipped="0" hostname="Tarit" name="testsCases.TCLoadUrl" tests="3" failures="0" timestamp="04 Sep 2020 08:46:33 GMT" time="8.768" errors="0">
  <testcase name="urlLunch" time="7.403" classname="testsCases.TCLoadUrl"/>
  <testcase name="afterPopUpClose" time="0.568" classname="testsCases.TCLoadUrl"/>
  <testcase name="searchItem" time="0.797" classname="testsCases.TCLoadUrl"/>
</testsuite> <!-- testsCases.TCLoadUrl -->
