<?xml version="1.0" encoding="UTF-8"?>
<!-- Generated by org.testng.reporters.JUnitReportReporter -->
<testsuite skipped="0" hostname="Tarit" name="start.StartingAutomation" tests="1" failures="0" timestamp="04 Sep 2020 08:13:30 GMT" time="8.593" errors="0">
  <testcase name="start" time="8.593" classname="start.StartingAutomation"/>
</testsuite> <!-- start.StartingAutomation -->
