<?xml version="1.0" encoding="UTF-8"?>
<!-- Generated by org.testng.reporters.JUnitReportReporter -->
<testsuite skipped="0" hostname="Tarit" name="main.LoadUrl" tests="3" failures="0" timestamp="02 Sep 2020 20:32:27 GMT" time="36.387" errors="0">
  <testcase name="urlLunch" time="29.167" classname="main.LoadUrl"/>
  <testcase name="afterPopUpClose" time="0.873" classname="main.LoadUrl"/>
  <testcase name="searchItem" time="6.347" classname="main.LoadUrl"/>
</testsuite> <!-- main.LoadUrl -->
