<?xml version="1.0" encoding="UTF-8"?>
<!-- Generated by org.testng.reporters.JUnitReportReporter -->
<testsuite skipped="0" hostname="Tarit" name="testsCases.TcApplyFilter" tests="4" failures="0" timestamp="04 Sep 2020 08:46:33 GMT" time="43.531" errors="0">
  <testcase name="selectMinRangeFilter" time="3.467" classname="testsCases.TcApplyFilter"/>
  <testcase name="selectMaxRangeFilter" time="0.834" classname="testsCases.TcApplyFilter"/>
  <testcase name="selectRam" time="1.431" classname="testsCases.TcApplyFilter"/>
  <testcase name="selectProcessor" time="37.799" classname="testsCases.TcApplyFilter"/>
</testsuite> <!-- testsCases.TcApplyFilter -->
