<?xml version="1.0" encoding="UTF-8"?>
<!-- Generated by org.testng.reporters.JUnitReportReporter -->
<testsuite skipped="0" hostname="Tarit" name="testsCases.TCLoadUrl" tests="3" failures="0" timestamp="04 Sep 2020 05:42:25 GMT" time="11.014" errors="0">
  <testcase name="urlLunch" time="9.512" classname="testsCases.TCLoadUrl"/>
  <testcase name="afterPopUpClose" time="0.622" classname="testsCases.TCLoadUrl"/>
  <testcase name="searchItem" time="0.880" classname="testsCases.TCLoadUrl"/>
</testsuite> <!-- testsCases.TCLoadUrl -->
