<?xml version="1.0" encoding="UTF-8"?>
<!-- Generated by org.testng.reporters.JUnitReportReporter -->
<testsuite skipped="0" hostname="Tarit" name="testsCases.TcApplyFilter" tests="4" failures="0" timestamp="04 Sep 2020 05:42:25 GMT" time="41.930" errors="0">
  <testcase name="selectMinRangeFilter" time="2.205" classname="testsCases.TcApplyFilter"/>
  <testcase name="selectMaxRangeFilter" time="0.794" classname="testsCases.TcApplyFilter"/>
  <testcase name="selectRam" time="1.399" classname="testsCases.TcApplyFilter"/>
  <testcase name="selectProcessor" time="37.532" classname="testsCases.TcApplyFilter"/>
</testsuite> <!-- testsCases.TcApplyFilter -->
