<?xml version="1.0" encoding="UTF-8"?>
<!-- Generated by org.testng.reporters.JUnitReportReporter -->
<testsuite skipped="0" hostname="Tarit" name="main.Test2" tests="2" failures="0" timestamp="01 Sep 2020 12:45:55 GMT" time="10.117" errors="0">
  <testcase name="Test1" time="5.068" classname="main.Test2"/>
  <testcase name="Test2" time="5.049" classname="main.Test2"/>
</testsuite> <!-- main.Test2 -->
