<?xml version="1.0" encoding="UTF-8"?>
<!-- Generated by org.testng.reporters.JUnitReportReporter -->
<testsuite skipped="0" hostname="Tarit" name="start.StartingAutomation" tests="1" failures="0" timestamp="04 Sep 2020 08:46:33 GMT" time="6.557" errors="0">
  <testcase name="start" time="6.557" classname="start.StartingAutomation"/>
</testsuite> <!-- start.StartingAutomation -->
