<?xml version="1.0" encoding="UTF-8"?>
<!-- Generated by org.testng.reporters.JUnitReportReporter -->
<testsuite skipped="0" hostname="Tarit" name="main.LoginDashBoardTest" tests="1" failures="0" timestamp="31 Aug 2020 16:44:47 GMT" time="25.631" errors="0">
  <testcase name="test1" time="25.631" classname="main.LoginDashBoardTest"/>
</testsuite> <!-- main.LoginDashBoardTest -->
