<?xml version="1.0" encoding="UTF-8"?>
<!-- Generated by org.testng.reporters.JUnitReportReporter -->
<testsuite skipped="0" hostname="Tarit" name="testsCases.LoadUrl" tests="6" failures="0" timestamp="03 Sep 2020 10:02:30 GMT" time="34.333" errors="0">
  <testcase name="urlLunch" time="13.874" classname="testsCases.LoadUrl"/>
  <testcase name="afterPopUpClose" time="0.552" classname="testsCases.LoadUrl"/>
  <testcase name="searchItem" time="5.960" classname="testsCases.LoadUrl"/>
  <testcase name="selectMinRangeFilter" time="2.478" classname="testsCases.LoadUrl"/>
  <testcase name="selectMaxRangeFilter" time="5.794" classname="testsCases.LoadUrl"/>
  <testcase name="selectRam" time="5.675" classname="testsCases.LoadUrl"/>
</testsuite> <!-- testsCases.LoadUrl -->
