<?xml version="1.0" encoding="UTF-8"?>
<!-- Generated by org.testng.reporters.JUnitReportReporter -->
<testsuite skipped="0" hostname="Tarit" name="start.StartingAutomation" tests="1" failures="0" timestamp="04 Sep 2020 05:42:25 GMT" time="10.065" errors="0">
  <testcase name="start" time="10.065" classname="start.StartingAutomation"/>
</testsuite> <!-- start.StartingAutomation -->
